02:44:05 **** Incremental Build of configuration Debug for project HMI_ECU ****
make all 
Building file: ../HMI_ECU_main.c
Invoking: AVR Compiler
avr-gcc -Wall -g2 -gstabs -O0 -fpack-struct -fshort-enums -ffunction-sections -fdata-sections -std=gnu99 -funsigned-char -funsigned-bitfields -mmcu=atmega32 -DF_CPU=8000000UL -MMD -MP -MF"HMI_ECU_main.d" -MT"HMI_ECU_main.o" -c -o "HMI_ECU_main.o" "../HMI_ECU_main.c"
In file included from ../HMI_ECU_main.c:10:
c:/winavr-20100110/lib/gcc/../../avr/include/util/delay.h:90:3: warning: #warning "Compiler optimizations disabled; functions from <util/delay.h> won't work as designed"
../my_keypad.h:77: warning: 'KEYPAD_4x4_adjustKeyNumber' declared 'static' but never defined
Finished building: ../HMI_ECU_main.c
 
Building target: HMI_ECU.elf
Invoking: AVR C Linker
avr-gcc -Wl,-Map,HMI_ECU.map -mmcu=atmega32 -o "HMI_ECU.elf"  ./HMI_ECU_main.o ./gpio.o ./my_keypad.o ./my_lcd.o ./timer1.o ./uart.o   
Finished building target: HMI_ECU.elf
 
Invoking: AVR Create Extended Listing
avr-objdump -h -S HMI_ECU.elf  >"HMI_ECU.lss"
Finished building: HMI_ECU.lss
 
Invoking: Print Size
avr-size --format=avr --mcu=atmega32 HMI_ECU.elf
AVR Memory Usage
----------------
Device: atmega32

Program:   16946 bytes (51.7% Full)
(.text + .data + .bootloader)

Data:        233 bytes (11.4% Full)
(.data + .bss + .noinit)


Finished building: sizedummy
 

02:44:06 Build Finished. 0 errors, 2 warnings. (took 508ms)

